<?xml version="1.0" encoding="UTF-8" ?>
<testsuite failures="0" time="0.279" errors="0" skipped="0" tests="5" name="com.udith.mycontacts.bo.ContactBOImplTest">
  <properties>
[...]
</properties>
  <testcase time="0.007" classname="com.udith.mycontacts.bo.ContactBOImplTest" name="testSaveContact"/>
  <testcase time="0" classname="com.udith.mycontacts.bo.ContactBOImplTest" name="testDeleteContact"/>
  <testcase time="0.267" classname="com.udith.mycontacts.bo.ContactBOImplTest" name="testSetContactDao"/>
  <testcase time="0" classname="com.udith.mycontacts.bo.ContactBOImplTest" name="testGetAllContacts"/>
  <testcase time="0" classname="com.udith.mycontacts.bo.ContactBOImplTest" name="testEditContact"/>
</testsuite>